app/build/outputs/logs/manifest-merger-debug-report.txt
-- Merging decision tree log ---
manifest
ADDED from src/main/AndroidManifest.xml:2:1-57:12
	package
		ADDED from src/main/AndroidManifest.xml:3:5-40
		INJECTED from src/main/AndroidManifest.xml
		INJECTED from src/main/AndroidManifest.xml
	android:versionName
		INJECTED from src/main/AndroidManifest.xml
		INJECTED from src/main/AndroidManifest.xml
	xmlns:android
		ADDED from src/main/AndroidManifest.xml:2:11-69
	android:versionCode
		INJECTED from src/main/AndroidManifest.xml
		INJECTED from src/main/AndroidManifest.xml
application
ADDED from src/main/AndroidManifest.xml:5:5-55:19
MERGED from [com.android.support:design:25.3.1] AndroidManifest.xml:29:5-20
MERGED from [com.android.support:appcompat-v7:25.3.1] AndroidManifest.xml:29:5-20
MERGED from [com.android.support:animated-vector-drawable:25.3.1] AndroidManifest.xml:26:5-20
MERGED from [com.android.support:support-vector-drawable:25.3.1] AndroidManifest.xml:26:5-20
MERGED from [com.android.support:transition:25.3.1] AndroidManifest.xml:26:5-20
MERGED from [com.android.support:support-v4:25.3.1] AndroidManifest.xml:29:5-20
MERGED from [com.android.support:support-fragment:25.3.1] AndroidManifest.xml:29:5-20
MERGED from [com.android.support:support-media-compat:25.3.1] AndroidManifest.xml:29:5-20
MERGED from [com.android.support:support-core-ui:25.3.1] AndroidManifest.xml:29:5-20
MERGED from [com.android.support:support-core-utils:25.3.1] AndroidManifest.xml:29:5-20
MERGED from [com.android.support:support-compat:25.3.1] AndroidManifest.xml:29:5-20
MERGED from [com.android.support.constraint:constraint-layout:1.0.2] AndroidManifest.xml:9:5-20
	android:label
		ADDED from src/main/AndroidManifest.xml:8:9-41
	android:supportsRtl
		ADDED from src/main/AndroidManifest.xml:9:9-35
	android:allowBackup
		ADDED from src/main/AndroidManifest.xml:6:9-35
	android:icon
		ADDED from src/main/AndroidManifest.xml:7:9-43
	android:theme
		ADDED from src/main/AndroidManifest.xml:10:9-40
activity#com.example.ken.kendemo17.MainActivity
ADDED from src/main/AndroidManifest.xml:11:9-18:20
	android:name
		ADDED from src/main/AndroidManifest.xml:11:19-72
intent-filter#android.intent.action.MAIN+android.intent.category.LAUNCHER
ADDED from src/main/AndroidManifest.xml:12:13-17:29
action#android.intent.action.MAIN
ADDED from src/main/AndroidManifest.xml:13:17-69
	android:name
		ADDED from src/main/AndroidManifest.xml:13:25-66
category#android.intent.category.LAUNCHER
ADDED from src/main/AndroidManifest.xml:15:17-77
	android:name
		ADDED from src/main/AndroidManifest.xml:15:27-74
activity#com.example.ken.kendemo17.ViewPagerActivity
ADDED from src/main/AndroidManifest.xml:25:9-80
	android:name
		ADDED from src/main/AndroidManifest.xml:25:19-77
activity#com.example.ken.kendemo17.ActivityA
ADDED from src/main/AndroidManifest.xml:26:9-28:45
	android:launchMode
		ADDED from src/main/AndroidManifest.xml:28:13-42
	android:name
		ADDED from src/main/AndroidManifest.xml:27:13-63
activity#com.example.ken.kendemo17.ActivityB
ADDED from src/main/AndroidManifest.xml:30:9-32:46
	android:launchMode
		ADDED from src/main/AndroidManifest.xml:32:13-43
	android:name
		ADDED from src/main/AndroidManifest.xml:31:13-63
activity#com.example.ken.kendemo17.ActivityC
ADDED from src/main/AndroidManifest.xml:33:9-35:47
	android:launchMode
		ADDED from src/main/AndroidManifest.xml:35:13-44
	android:name
		ADDED from src/main/AndroidManifest.xml:34:13-63
activity#com.example.ken.kendemo17.ActivityD
ADDED from src/main/AndroidManifest.xml:36:9-38:51
	android:launchMode
		ADDED from src/main/AndroidManifest.xml:38:13-48
	android:name
		ADDED from src/main/AndroidManifest.xml:37:13-63
activity#com.example.ken.kendemo17.ScaleTypeActivity
ADDED from src/main/AndroidManifest.xml:40:9-80
	android:name
		ADDED from src/main/AndroidManifest.xml:40:19-77
activity#com.example.ken.kendemo17.NinePatchActivity
ADDED from src/main/AndroidManifest.xml:41:9-80
	android:name
		ADDED from src/main/AndroidManifest.xml:41:19-77
activity#com.example.ken.kendemo17.NotificationActivity
ADDED from src/main/AndroidManifest.xml:42:9-83
	android:name
		ADDED from src/main/AndroidManifest.xml:42:19-80
activity#com.example.ken.kendemo17.fragment.AdvanceActivity
ADDED from src/main/AndroidManifest.xml:43:9-87
	android:name
		ADDED from src/main/AndroidManifest.xml:43:19-84
activity#com.example.ken.kendemo17.AdvanceListViewActivity
ADDED from src/main/AndroidManifest.xml:44:9-86
	android:name
		ADDED from src/main/AndroidManifest.xml:44:19-83
activity#com.example.ken.kendemo17.AdvanceViewPagerActivity
ADDED from src/main/AndroidManifest.xml:45:9-87
	android:name
		ADDED from src/main/AndroidManifest.xml:45:19-84
activity#com.example.ken.kendemo17.ResultActivity
ADDED from src/main/AndroidManifest.xml:46:9-77
	android:name
		ADDED from src/main/AndroidManifest.xml:46:19-74
activity#com.example.ken.kendemo17.ResultActivity1
ADDED from src/main/AndroidManifest.xml:47:9-78
	android:name
		ADDED from src/main/AndroidManifest.xml:47:19-75
activity#com.example.ken.kendemo17.ResultActivity2
ADDED from src/main/AndroidManifest.xml:48:9-78
	android:name
		ADDED from src/main/AndroidManifest.xml:48:19-75
activity#com.example.ken.kendemo17.RadioGroupActivity
ADDED from src/main/AndroidManifest.xml:49:9-81
	android:name
		ADDED from src/main/AndroidManifest.xml:49:19-78
activity#com.example.ken.kendemo17.CheckBoxActivity
ADDED from src/main/AndroidManifest.xml:50:9-79
	android:name
		ADDED from src/main/AndroidManifest.xml:50:19-76
activity#com.example.ken.kendemo17.DialogActivity
ADDED from src/main/AndroidManifest.xml:51:9-77
	android:name
		ADDED from src/main/AndroidManifest.xml:51:19-74
activity#com.example.ken.kendemo17.HandlerActivity
ADDED from src/main/AndroidManifest.xml:52:9-78
	android:name
		ADDED from src/main/AndroidManifest.xml:52:19-75
activity#com.example.ken.kendemo17.RunnableHandlerActivity
ADDED from src/main/AndroidManifest.xml:53:9-86
	android:name
		ADDED from src/main/AndroidManifest.xml:53:19-83
activity#com.example.ken.kendemo17.AnimationActivity
ADDED from src/main/AndroidManifest.xml:54:9-89
	android:name
		ADDED from src/main/AndroidManifest.xml:54:19-77
uses-sdk
INJECTED from src/main/AndroidManifest.xml reason: use-sdk injection requested
MERGED from [com.android.support:design:25.3.1] AndroidManifest.xml:21:5-23:62
MERGED from [com.android.support:appcompat-v7:25.3.1] AndroidManifest.xml:21:5-23:78
MERGED from [com.android.support:animated-vector-drawable:25.3.1] AndroidManifest.xml:20:5-44
MERGED from [com.android.support:support-vector-drawable:25.3.1] AndroidManifest.xml:20:5-43
MERGED from [com.android.support:recyclerview-v7:25.3.1] AndroidManifest.xml:20:5-43
MERGED from [com.android.support:transition:25.3.1] AndroidManifest.xml:20:5-44
MERGED from [com.android.support:support-v4:25.3.1] AndroidManifest.xml:21:5-23:54
MERGED from [com.android.support:support-fragment:25.3.1] AndroidManifest.xml:21:5-23:60
MERGED from [com.android.support:support-media-compat:25.3.1] AndroidManifest.xml:21:5-23:63
MERGED from [com.android.support:support-core-ui:25.3.1] AndroidManifest.xml:21:5-23:58
MERGED from [com.android.support:support-core-utils:25.3.1] AndroidManifest.xml:21:5-23:61
MERGED from [com.jakewharton:butterknife:8.6.0] AndroidManifest.xml:5:5-43
MERGED from [com.android.support:support-compat:25.3.1] AndroidManifest.xml:21:5-23:58
MERGED from [com.android.support.constraint:constraint-layout:1.0.2] AndroidManifest.xml:5:5-7:41
	tools:overrideLibrary
		ADDED from [com.android.support:design:25.3.1] AndroidManifest.xml:23:9-59
	android:targetSdkVersion
		INJECTED from src/main/AndroidManifest.xml
		INJECTED from src/main/AndroidManifest.xml
	android:minSdkVersion
		INJECTED from src/main/AndroidManifest.xml
		INJECTED from src/main/AndroidManifest.xml
meta-data#android.support.VERSION
ADDED from [com.android.support:design:25.3.1] AndroidManifest.xml:25:5-27:34
MERGED from [com.android.support:appcompat-v7:25.3.1] AndroidManifest.xml:25:5-27:34
MERGED from [com.android.support:animated-vector-drawable:25.3.1] AndroidManifest.xml:22:5-24:34
MERGED from [com.android.support:support-vector-drawable:25.3.1] AndroidManifest.xml:22:5-24:34
MERGED from [com.android.support:recyclerview-v7:25.3.1] AndroidManifest.xml:22:5-24:34
MERGED from [com.android.support:transition:25.3.1] AndroidManifest.xml:22:5-24:34
MERGED from [com.android.support:support-v4:25.3.1] AndroidManifest.xml:25:5-27:34
MERGED from [com.android.support:support-fragment:25.3.1] AndroidManifest.xml:25:5-27:34
MERGED from [com.android.support:support-media-compat:25.3.1] AndroidManifest.xml:25:5-27:34
MERGED from [com.android.support:support-core-ui:25.3.1] AndroidManifest.xml:25:5-27:34
MERGED from [com.android.support:support-core-utils:25.3.1] AndroidManifest.xml:25:5-27:34
MERGED from [com.android.support:support-compat:25.3.1] AndroidManifest.xml:25:5-27:34
	android:value
		ADDED from [com.android.support:design:25.3.1] AndroidManifest.xml:27:9-31
	android:name
		ADDED from [com.android.support:design:25.3.1] AndroidManifest.xml:26:9-47